<?xml version="1.0" encoding="UTF-8"?>
<!-- Generated by org.testng.reporters.JUnitXMLReporter -->
<testsuite ignored="1" hostname="SIPL2016-03" failures="0" tests="2" name="Default test" time="32.089" errors="0" timestamp="2025-01-10T12:25:27 IST">
  <testcase classname="com.sparsh.testcases.ZenInboxTests" name="testLoginWithValidCredentials" time="13.514"/>
  <testcase classname="com.sparsh.testcases.ZenInboxTests" name="testLoginWithValidCredentials" time="4.068"/>
  <testcase classname="com.sparsh.testcases.ZenInboxTests" name="testLoginWithInvalidCredentials" time="0.0">
    <ignored/>
  </testcase> <!-- testLoginWithInvalidCredentials -->
</testsuite> <!-- Default test -->
