<?xml version="1.0" encoding="UTF-8"?>
<!-- Generated by org.testng.reporters.JUnitXMLReporter -->
<testsuite ignored="0" hostname="SIPL2016-03" failures="0" tests="3" name="Test" time="31.662" errors="0" timestamp="2025-01-10T12:29:41 IST">
  <testcase classname="com.sparsh.testcases.ZenInboxTests" name="testLoginWithInvalidCredentials" time="11.301"/>
  <testcase classname="com.sparsh.testcases.ZenInboxTests" name="testLoginWithValidCredentials" time="3.48"/>
  <testcase classname="com.sparsh.testcases.ZenInboxTests" name="testLoginWithValidCredentials" time="3.831"/>
</testsuite> <!-- Test -->
