<?xml version="1.0" encoding="UTF-8"?>
<testng-results ignored="0" total="3" passed="3" failed="0" skipped="0">
  <reporter-output>
  </reporter-output>
  <suite started-at="2025-01-10T12:29:09 IST" name="Suite" finished-at="2025-01-10T12:29:41 IST" duration-ms="31662">
    <groups>
    </groups>
    <test started-at="2025-01-10T12:29:09 IST" name="Test" finished-at="2025-01-10T12:29:41 IST" duration-ms="31662">
      <class name="com.sparsh.testcases.ZenInboxTests">
        <test-method is-config="true" signature="setup()[pri:0, instance:com.sparsh.testcases.ZenInboxTests@3ddc6915]" started-at="2025-01-10T12:29:09 IST" name="setup" finished-at="2025-01-10T12:29:19 IST" duration-ms="9593" status="PASS">
          <reporter-output>
          </reporter-output>
        </test-method> <!-- setup -->
        <test-method signature="testLoginWithInvalidCredentials()[pri:0, instance:com.sparsh.testcases.ZenInboxTests@3ddc6915]" started-at="2025-01-10T12:29:19 IST" name="testLoginWithInvalidCredentials" finished-at="2025-01-10T12:29:30 IST" duration-ms="11301" status="PASS">
          <reporter-output>
          </reporter-output>
        </test-method> <!-- testLoginWithInvalidCredentials -->
        <test-method signature="testLoginWithValidCredentials(java.lang.String,java.lang.String)[pri:0, instance:com.sparsh.testcases.ZenInboxTests@3ddc6915]" started-at="2025-01-10T12:29:30 IST" name="testLoginWithValidCredentials" data-provider="data-provider" finished-at="2025-01-10T12:29:34 IST" duration-ms="3480" status="PASS">
          <params>
            <param index="0">
              <value>
                <![CDATA[jontyFergurson@gmx.com]]>
              </value>
            </param>
            <param index="1">
              <value>
                <![CDATA[JT7_%eZ>AHV]]>
              </value>
            </param>
          </params>
          <reporter-output>
          </reporter-output>
        </test-method> <!-- testLoginWithValidCredentials -->
        <test-method signature="testLoginWithValidCredentials(java.lang.String,java.lang.String)[pri:0, instance:com.sparsh.testcases.ZenInboxTests@3ddc6915]" started-at="2025-01-10T12:29:34 IST" name="testLoginWithValidCredentials" data-provider="data-provider" finished-at="2025-01-10T12:29:38 IST" duration-ms="3831" status="PASS">
          <params>
            <param index="0">
              <value>
                <![CDATA[anacooonda@outlook.co]]>
              </value>
            </param>
            <param index="1">
              <value>
                <![CDATA[Testing1234]]>
              </value>
            </param>
          </params>
          <reporter-output>
          </reporter-output>
        </test-method> <!-- testLoginWithValidCredentials -->
        <test-method is-config="true" signature="tearDown()[pri:0, instance:com.sparsh.testcases.ZenInboxTests@3ddc6915]" started-at="2025-01-10T12:29:38 IST" name="tearDown" finished-at="2025-01-10T12:29:41 IST" duration-ms="3025" status="PASS">
          <reporter-output>
          </reporter-output>
        </test-method> <!-- tearDown -->
      </class> <!-- com.sparsh.testcases.ZenInboxTests -->
    </test> <!-- Test -->
  </suite> <!-- Suite -->
</testng-results>
